#
# A fatal error has been detected by the Java Runtime Environment:
#
#  SIGSEGV (0xb) at pc=0x00007fe4c3322286, pid=5852, tid=140620261328640
#
# JRE version: OpenJDK Runtime Environment (7.0_79-b14) (build 1.7.0_79-b14)
# Java VM: OpenJDK 64-Bit Server VM (24.79-b02 mixed mode linux-amd64 compressed oops)
# Derivative: IcedTea 2.5.6
# Distribution: Ubuntu 15.04, package 7u79-2.5.6-0ubuntu1.15.04.1
# Problematic frame:
# V  [libjvm.so+0x97e286]  interpretedVFrame::monitors() const+0x1c6
#
# Failed to write core dump. Core dumps have been disabled. To enable core dumping, try "ulimit -c unlimited" before starting Java again
#
# If you would like to submit a bug report, please include
# instructions on how to reproduce the bug and visit:
#   http://icedtea.classpath.org/bugzilla
#

---------------  T H R E A D  ---------------

Current thread (0x00007fe4bc196000):  JavaThread "JDWP Transport Listener: dt_socket" daemon [_thread_in_vm, id=5867, stack(0x00007fe4b4a98000,0x00007fe4b4b99000)]

siginfo:si_signo=SIGSEGV: si_errno=0, si_code=2 (SEGV_ACCERR), si_addr=0x00007fe4c4500ff0

Registers:
RAX=0x00000000ec4e5490, RBX=0x00007fe4bc177f70, RCX=0x000000000000fc9f, RDX=0x000000000000fc9e
RSP=0x00007fe4b4b971a0, RBP=0x00007fe4b4b97250, RSI=0x0000000000000000, RDI=0x0000000000000020
R8 =0x00007fe49c24df10, R9 =0x0000000000000000, R10=0x0000000000000022, R11=0x0000000000000206
R12=0x00007fe4bc178570, R13=0x00007fe4c4500fe8, R14=0x00007fe4b4b971e0, R15=0x0000000000000000
RIP=0x00007fe4c3322286, EFLAGS=0x0000000000010246, CSGSFS=0x0000000000000033, ERR=0x0000000000000004
  TRAPNO=0x000000000000000e

Top of Stack: (sp=0x00007fe4b4b971a0)
0x00007fe4b4b971a0:   0000000000000000 00007fe49c18cc10
0x00007fe4b4b971b0:   00007fe4c45fd9b8 00007fe4b90062b3
0x00007fe4b4b971c0:   00007fe4b9005310 00007fe400000000
0x00007fe4b4b971d0:   00007fe4c45fda28 00007fe4c45fd9e8
0x00007fe4b4b971e0:   00007fe4c45fd9b8 00007fe4b90062b3
0x00007fe4b4b971f0:   00007fe4b9005310 00007fe400000000
0x00007fe4b4b97200:   00007fe4c45fda28 00007fe4c45fd9e8
0x00007fe4b4b97210:   00007fe4bc1957d0 b86f76641b70bf00
0x00007fe4b4b97220:   0000000000000000 00007fe4bc1957d0
0x00007fe4b4b97230:   0000000000000000 00007fe4bc00d000
0x00007fe4b4b97240:   00007fe49c004e10 00007fe4bc00d000
0x00007fe4b4b97250:   00007fe4b4b97330 00007fe4c3057838
0x00007fe4b4b97260:   00007fe4bc196440 000000000000001f
0x00007fe4b4b97270:   00007fe4b4b972e0 00007fe4c32d7f19
0x00007fe4b4b97280:   00000000000083b0 000000011b70bf00
0x00007fe4b4b97290:   00007fe4bc196000 00007fe4bc17f948
0x00007fe4b4b972a0:   00007fe4bc178570 00007fe4bc177960
0x00007fe4b4b972b0:   00007fe4bc0049b0 00007fe4bc1957d0
0x00007fe4b4b972c0:   00007fe4b4b97330 00007fe4c32d7f19
0x00007fe4b4b972d0:   00007fe4c45fd968 b86f76641b70bf00
0x00007fe4b4b972e0:   00007fe4b9005310 0000000000000001
0x00007fe4b4b972f0:   00007fe4c379df38 b86f76641b70bf00
0x00007fe4b4b97300:   00007fe49c004e10 0000000000000001
0x00007fe4b4b97310:   00007fe4c379df38 00007fe4bc00d000
0x00007fe4b4b97320:   00007fe49c004e10 00007fe4bc177f70
0x00007fe4b4b97330:   00007fe4b4b979c0 00007fe4c3057ca5
0x00007fe4b4b97340:   00007fe4b4b973e0 00000000000003d8
0x00007fe4b4b97350:   00007fe4bc1957d0 00007fe4bc196818
0x00007fe4b4b97360:   00007fe4bc196440 00007fe49c004e10
0x00007fe4b4b97370:   00007fe4b4b97390 00007fe4bc196430
0x00007fe4b4b97380:   00007fe4bc196000 00007fe4bc0049b0
0x00007fe4b4b97390:   00007fe4bc196000 00007fe4bc196820 

Instructions: (pc=0x00007fe4c3322286)
0x00007fe4c3322266:   89 45 b0 48 8b 43 30 48 89 45 b8 e8 ca 3b ba ff
0x00007fe4c3322276:   49 39 c5 0f 82 11 01 00 00 31 f6 bf 20 00 00 00
0x00007fe4c3322286:   4d 8b 7d 08 e8 01 7e f0 ff 48 85 c0 49 89 c0 74
0x00007fe4c3322296:   17 4c 89 38 48 c7 40 10 00 00 00 00 4c 89 68 08 

Register to memory mapping:

RAX=0x00000000ec4e5490 is an oop
java.lang.IllegalArgumentException 
 - klass: 'java/lang/IllegalArgumentException'
RBX=0x00007fe4bc177f70 is an unknown value
RCX=0x000000000000fc9f is an unknown value
RDX=0x000000000000fc9e is an unknown value
RSP=0x00007fe4b4b971a0 is pointing into the stack for thread: 0x00007fe4bc196000
RBP=0x00007fe4b4b97250 is pointing into the stack for thread: 0x00007fe4bc196000
RSI=0x0000000000000000 is an unknown value
RDI=0x0000000000000020 is an unknown value
R8 =0x00007fe49c24df10 is an unknown value
R9 =0x0000000000000000 is an unknown value
R10=0x0000000000000022 is an unknown value
R11=0x0000000000000206 is an unknown value
R12=0x00007fe4bc178570 is an unknown value
R13=0x00007fe4c4500fe8 is pointing into the stack for thread: 0x00007fe4bc00d000
R14=0x00007fe4b4b971e0 is pointing into the stack for thread: 0x00007fe4bc196000
R15=0x0000000000000000 is an unknown value


Stack: [0x00007fe4b4a98000,0x00007fe4b4b99000],  sp=0x00007fe4b4b971a0,  free space=1020k
Native frames: (J=compiled Java code, j=interpreted, Vv=VM code, C=native code)
V  [libjvm.so+0x97e286]  interpretedVFrame::monitors() const+0x1c6
V  [libjvm.so+0x6b3838]  JvmtiEnvBase::get_locked_objects_in_frame(JavaThread*, JavaThread*, javaVFrame*, GrowableArray<_jvmtiMonitorStackDepthInfo*>*, int)+0x88
V  [libjvm.so+0x6b3ca5]  JvmtiEnvBase::get_owned_monitors(JavaThread*, JavaThread*, GrowableArray<_jvmtiMonitorStackDepthInfo*>*)+0x115
V  [libjvm.so+0x6a8e1e]  JvmtiEnv::GetOwnedMonitorInfo(JavaThread*, int*, _jobject***)+0xfe
V  [libjvm.so+0x662617]  jvmti_GetOwnedMonitorInfo+0x187
C  [libjdwp.so+0xa3e6]
C  [libjdwp.so+0x11b08]
C  [libjdwp.so+0x23f65]
V  [libjvm.so+0x6ca271]  JvmtiAgentThread::start_function_wrapper(JavaThread*, Thread*)+0xa1
V  [libjvm.so+0x937d38]  JavaThread::thread_main_inner()+0x118
V  [libjvm.so+0x937fc1]  JavaThread::run()+0x231
V  [libjvm.so+0x7fa492]  java_start(Thread*)+0xf2


---------------  P R O C E S S  ---------------

Java Threads: ( => current thread )
  0x00007fe4bc1a1000 JavaThread "Service Thread" daemon [_thread_blocked, id=5875, stack(0x00007fe4b4593000,0x00007fe4b4694000)]
  0x00007fe4bc19e800 JavaThread "C2 CompilerThread1" daemon [_thread_blocked, id=5874, stack(0x00007fe4b4694000,0x00007fe4b4795000)]
  0x00007fe4bc19c000 JavaThread "C2 CompilerThread0" daemon [_thread_blocked, id=5873, stack(0x00007fe4b4795000,0x00007fe4b4896000)]
  0x00007fe49c001000 JavaThread "JDWP Command Reader" daemon [_thread_in_native, id=5871, stack(0x00007fe4b4896000,0x00007fe4b4997000)]
  0x00007fe4bc199800 JavaThread "JDWP Event Helper Thread" daemon [_thread_blocked, id=5870, stack(0x00007fe4b4997000,0x00007fe4b4a98000)]
=>0x00007fe4bc196000 JavaThread "JDWP Transport Listener: dt_socket" daemon [_thread_in_vm, id=5867, stack(0x00007fe4b4a98000,0x00007fe4b4b99000)]
  0x00007fe4bc12e000 JavaThread "Signal Dispatcher" daemon [_thread_blocked, id=5865, stack(0x00007fe4b591f000,0x00007fe4b5a20000)]
  0x00007fe4bc101800 JavaThread "Finalizer" daemon [_thread_blocked, id=5864, stack(0x00007fe4b5a20000,0x00007fe4b5b21000)]
  0x00007fe4bc0ff800 JavaThread "Reference Handler" daemon [_thread_blocked, id=5863, stack(0x00007fe4b5b21000,0x00007fe4b5c22000)]
  0x00007fe4bc00d000 JavaThread "main" [_thread_blocked, id=5854, stack(0x00007fe4c44fe000,0x00007fe4c45ff000)]

Other Threads:
  0x00007fe4bc0fb000 VMThread [stack: 0x00007fe4b5c22000,0x00007fe4b5d23000] [id=5862]
  0x00007fe4bc1b4000 WatcherThread [stack: 0x00007fe4b4492000,0x00007fe4b4593000] [id=5876]

VM state:not at safepoint (normal execution)

VM Mutex/Monitor currently owned by a thread: None

Heap
 PSYoungGen      total 17920K, used 1246K [0x00000000ec400000, 0x00000000ed800000, 0x0000000100000000)
  eden space 15360K, 8% used [0x00000000ec400000,0x00000000ec5378a8,0x00000000ed300000)
  from space 2560K, 0% used [0x00000000ed580000,0x00000000ed580000,0x00000000ed800000)
  to   space 2560K, 0% used [0x00000000ed300000,0x00000000ed300000,0x00000000ed580000)
 ParOldGen       total 40448K, used 0K [0x00000000c4c00000, 0x00000000c7380000, 0x00000000ec400000)
  object space 40448K, 0% used [0x00000000c4c00000,0x00000000c4c00000,0x00000000c7380000)
 PSPermGen       total 21504K, used 3080K [0x00000000ba600000, 0x00000000bbb00000, 0x00000000c4c00000)
  object space 21504K, 14% used [0x00000000ba600000,0x00000000ba902268,0x00000000bbb00000)

Card table byte_map: [0x00007fe4c018d000,0x00007fe4c03bb000] byte_map_base: 0x00007fe4bfbba000

Polling page: 0x00007fe4c461f000

Code Cache  [0x00007fe4b9000000, 0x00007fe4b9270000, 0x00007fe4bc000000)
 total_blobs=162 nmethods=0 adapters=140 free_code_cache=48775Kb largest_free_block=49945536

Compilation events (0 events):
No events

GC Heap History (0 events):
No events

Deoptimization events (0 events):
No events

Internal exceptions (7 events):
Event: 0.031 Thread 0x00007fe4bc00d000 Threw 0x00000000ec40f250 at /build/openjdk-7-yI9zWD/openjdk-7-7u79-2.5.6/build/openjdk/hotspot/src/share/vm/prims/jni.cpp:3995
Event: 0.073 Thread 0x00007fe4bc00d000 Threw 0x00000000ec471e70 at /build/openjdk-7-yI9zWD/openjdk-7-7u79-2.5.6/build/openjdk/hotspot/src/share/vm/prims/jni.cpp:721
Event: 0.073 Thread 0x00007fe4bc00d000 Threw 0x00000000ec472540 at /build/openjdk-7-yI9zWD/openjdk-7-7u79-2.5.6/build/openjdk/hotspot/src/share/vm/prims/jvm.cpp:1284
Event: 0.073 Thread 0x00007fe4bc00d000 Threw 0x00000000ec472668 at /build/openjdk-7-yI9zWD/openjdk-7-7u79-2.5.6/build/openjdk/hotspot/src/share/vm/prims/jvm.cpp:1284
Event: 0.073 Thread 0x00007fe4bc00d000 Threw 0x00000000ec4728b8 at /build/openjdk-7-yI9zWD/openjdk-7-7u79-2.5.6/build/openjdk/hotspot/src/share/vm/prims/jvm.cpp:1284
Event: 0.124 Thread 0x00007fe4bc00d000 Threw 0x00000000ec4bd3a0 at /build/openjdk-7-yI9zWD/openjdk-7-7u79-2.5.6/build/openjdk/hotspot/src/share/vm/prims/jvm.cpp:1284
Event: 0.125 Thread 0x00007fe4bc00d000 Threw 0x00000000ec4c1488 at /build/openjdk-7-yI9zWD/openjdk-7-7u79-2.5.6/build/openjdk/hotspot/src/share/vm/prims/jvm.cpp:1284

Events (10 events):
Event: 27.970 Executing VM operation: RedefineClasses
Event: 27.970 Executing VM operation: RedefineClasses done
Event: 27.975 Executing VM operation: EnterInterpOnlyMode
Event: 27.975 Executing VM operation: EnterInterpOnlyMode done
Event: 27.975 Executing VM operation: GetCurrentLocation
Event: 27.975 Executing VM operation: GetCurrentLocation done
Event: 27.975 Executing VM operation: ChangeSingleStep
Event: 27.975 Executing VM operation: ChangeSingleStep done
Event: 27.975 Executing VM operation: ChangeSingleStep
Event: 27.975 Executing VM operation: ChangeSingleStep done


Dynamic libraries:
00400000-00401000 r-xp 00000000 08:01 9440822                            /usr/lib/jvm/java-7-openjdk-amd64/jre/bin/java
00600000-00601000 r--p 00000000 08:01 9440822                            /usr/lib/jvm/java-7-openjdk-amd64/jre/bin/java
00601000-00602000 rw-p 00001000 08:01 9440822                            /usr/lib/jvm/java-7-openjdk-amd64/jre/bin/java
021c7000-021e8000 rw-p 00000000 00:00 0                                  [heap]
ba600000-bbb00000 rw-p 00000000 00:00 0 
bbb00000-c4c00000 rw-p 00000000 00:00 0 
c4c00000-c7380000 rw-p 00000000 00:00 0 
c7380000-ec400000 rw-p 00000000 00:00 0 
ec400000-ed800000 rw-p 00000000 00:00 0 
ed800000-100000000 rw-p 00000000 00:00 0 
7fe478000000-7fe478021000 rw-p 00000000 00:00 0 
7fe478021000-7fe47c000000 ---p 00000000 00:00 0 
7fe480000000-7fe480021000 rw-p 00000000 00:00 0 
7fe480021000-7fe484000000 ---p 00000000 00:00 0 
7fe488000000-7fe488021000 rw-p 00000000 00:00 0 
7fe488021000-7fe48c000000 ---p 00000000 00:00 0 
7fe48c000000-7fe48c021000 rw-p 00000000 00:00 0 
7fe48c021000-7fe490000000 ---p 00000000 00:00 0 
7fe490000000-7fe490021000 rw-p 00000000 00:00 0 
7fe490021000-7fe494000000 ---p 00000000 00:00 0 
7fe494000000-7fe494021000 rw-p 00000000 00:00 0 
7fe494021000-7fe498000000 ---p 00000000 00:00 0 
7fe498000000-7fe498021000 rw-p 00000000 00:00 0 
7fe498021000-7fe49c000000 ---p 00000000 00:00 0 
7fe49c000000-7fe49c25a000 rw-p 00000000 00:00 0 
7fe49c25a000-7fe4a0000000 ---p 00000000 00:00 0 
7fe4a0000000-7fe4a0021000 rw-p 00000000 00:00 0 
7fe4a0021000-7fe4a4000000 ---p 00000000 00:00 0 
7fe4a4000000-7fe4a4021000 rw-p 00000000 00:00 0 
7fe4a4021000-7fe4a8000000 ---p 00000000 00:00 0 
7fe4a8000000-7fe4a8021000 rw-p 00000000 00:00 0 
7fe4a8021000-7fe4ac000000 ---p 00000000 00:00 0 
7fe4ac000000-7fe4ac021000 rw-p 00000000 00:00 0 
7fe4ac021000-7fe4b0000000 ---p 00000000 00:00 0 
7fe4b0000000-7fe4b0021000 rw-p 00000000 00:00 0 
7fe4b0021000-7fe4b4000000 ---p 00000000 00:00 0 
7fe4b4167000-7fe4b4492000 rw-p 00000000 00:00 0 
7fe4b4492000-7fe4b4493000 ---p 00000000 00:00 0 
7fe4b4493000-7fe4b4593000 rw-p 00000000 00:00 0                          [stack:5876]
7fe4b4593000-7fe4b4596000 ---p 00000000 00:00 0 
7fe4b4596000-7fe4b4694000 rw-p 00000000 00:00 0                          [stack:5875]
7fe4b4694000-7fe4b4697000 ---p 00000000 00:00 0 
7fe4b4697000-7fe4b4795000 rw-p 00000000 00:00 0                          [stack:5874]
7fe4b4795000-7fe4b4798000 ---p 00000000 00:00 0 
7fe4b4798000-7fe4b4896000 rw-p 00000000 00:00 0                          [stack:5873]
7fe4b4896000-7fe4b4899000 ---p 00000000 00:00 0 
7fe4b4899000-7fe4b4997000 rw-p 00000000 00:00 0                          [stack:5871]
7fe4b4997000-7fe4b499a000 ---p 00000000 00:00 0 
7fe4b499a000-7fe4b4a98000 rw-p 00000000 00:00 0                          [stack:5870]
7fe4b4a98000-7fe4b4a9b000 ---p 00000000 00:00 0 
7fe4b4a9b000-7fe4b4b99000 rw-p 00000000 00:00 0                          [stack:5867]
7fe4b4b99000-7fe4b4b9d000 r-xp 00000000 08:01 9440782                    /usr/lib/jvm/java-7-openjdk-amd64/jre/lib/amd64/libdt_socket.so
7fe4b4b9d000-7fe4b4d9c000 ---p 00004000 08:01 9440782                    /usr/lib/jvm/java-7-openjdk-amd64/jre/lib/amd64/libdt_socket.so
7fe4b4d9c000-7fe4b4d9d000 r--p 00003000 08:01 9440782                    /usr/lib/jvm/java-7-openjdk-amd64/jre/lib/amd64/libdt_socket.so
7fe4b4d9d000-7fe4b4d9e000 rw-p 00004000 08:01 9440782                    /usr/lib/jvm/java-7-openjdk-amd64/jre/lib/amd64/libdt_socket.so
7fe4b4d9e000-7fe4b4da3000 r-xp 00000000 08:01 3022896                    /usr/lib/x86_64-linux-gnu/libXdmcp.so.6.0.0
7fe4b4da3000-7fe4b4fa2000 ---p 00005000 08:01 3022896                    /usr/lib/x86_64-linux-gnu/libXdmcp.so.6.0.0
7fe4b4fa2000-7fe4b4fa3000 r--p 00004000 08:01 3022896                    /usr/lib/x86_64-linux-gnu/libXdmcp.so.6.0.0
7fe4b4fa3000-7fe4b4fa4000 rw-p 00005000 08:01 3022896                    /usr/lib/x86_64-linux-gnu/libXdmcp.so.6.0.0
7fe4b4fa4000-7fe4b4fa6000 r-xp 00000000 08:01 3022885                    /usr/lib/x86_64-linux-gnu/libXau.so.6.0.0
7fe4b4fa6000-7fe4b51a6000 ---p 00002000 08:01 3022885                    /usr/lib/x86_64-linux-gnu/libXau.so.6.0.0
7fe4b51a6000-7fe4b51a7000 r--p 00002000 08:01 3022885                    /usr/lib/x86_64-linux-gnu/libXau.so.6.0.0
7fe4b51a7000-7fe4b51a8000 rw-p 00003000 08:01 3022885                    /usr/lib/x86_64-linux-gnu/libXau.so.6.0.0
7fe4b51a8000-7fe4b51c5000 r-xp 00000000 08:01 3024083                    /usr/lib/x86_64-linux-gnu/libxcb.so.1.1.0
7fe4b51c5000-7fe4b53c5000 ---p 0001d000 08:01 3024083                    /usr/lib/x86_64-linux-gnu/libxcb.so.1.1.0
7fe4b53c5000-7fe4b53c6000 r--p 0001d000 08:01 3024083                    /usr/lib/x86_64-linux-gnu/libxcb.so.1.1.0
7fe4b53c6000-7fe4b53c7000 rw-p 0001e000 08:01 3024083                    /usr/lib/x86_64-linux-gnu/libxcb.so.1.1.0
7fe4b53c7000-7fe4b54fa000 r-xp 00000000 08:01 3022881                    /usr/lib/x86_64-linux-gnu/libX11.so.6.3.0
7fe4b54fa000-7fe4b56fa000 ---p 00133000 08:01 3022881                    /usr/lib/x86_64-linux-gnu/libX11.so.6.3.0
7fe4b56fa000-7fe4b56fb000 r--p 00133000 08:01 3022881                    /usr/lib/x86_64-linux-gnu/libX11.so.6.3.0
7fe4b56fb000-7fe4b56ff000 rw-p 00134000 08:01 3022881                    /usr/lib/x86_64-linux-gnu/libX11.so.6.3.0
7fe4b56ff000-7fe4b5700000 rw-p 00000000 00:00 0 
7fe4b571c000-7fe4b571e000 r-xp 00000000 08:01 3020190                    /usr/lib/jayatana/libjayatanaag.so
7fe4b571e000-7fe4b591d000 ---p 00002000 08:01 3020190                    /usr/lib/jayatana/libjayatanaag.so
7fe4b591d000-7fe4b591e000 r--p 00001000 08:01 3020190                    /usr/lib/jayatana/libjayatanaag.so
7fe4b591e000-7fe4b591f000 rw-p 00002000 08:01 3020190                    /usr/lib/jayatana/libjayatanaag.so
7fe4b591f000-7fe4b5922000 ---p 00000000 00:00 0 
7fe4b5922000-7fe4b5a20000 rw-p 00000000 00:00 0                          [stack:5865]
7fe4b5a20000-7fe4b5a23000 ---p 00000000 00:00 0 
7fe4b5a23000-7fe4b5b21000 rw-p 00000000 00:00 0                          [stack:5864]
7fe4b5b21000-7fe4b5b24000 ---p 00000000 00:00 0 
7fe4b5b24000-7fe4b5c22000 rw-p 00000000 00:00 0                          [stack:5863]
7fe4b5c22000-7fe4b5c23000 ---p 00000000 00:00 0 
7fe4b5c23000-7fe4b662c000 rw-p 00000000 00:00 0                          [stack:5862]
7fe4b662c000-7fe4b67dd000 r--s 01d29000 08:01 9440080                    /usr/lib/jvm/java-7-openjdk-amd64/jre/lib/rt.jar
7fe4b67dd000-7fe4b8dab000 rw-p 00000000 00:00 0 
7fe4b8dab000-7fe4b8dac000 ---p 00000000 00:00 0 
7fe4b8dac000-7fe4b8eac000 rw-p 00000000 00:00 0                          [stack:5856]
7fe4b8eac000-7fe4b8ead000 ---p 00000000 00:00 0 
7fe4b8ead000-7fe4b8fb8000 rw-p 00000000 00:00 0                          [stack:5855]
7fe4b8fb8000-7fe4b9000000 rw-p 00000000 00:00 0 
7fe4b9000000-7fe4b9270000 rwxp 00000000 00:00 0 
7fe4b9270000-7fe4bc1cf000 rw-p 00000000 00:00 0 
7fe4bc1cf000-7fe4c0000000 ---p 00000000 00:00 0 
7fe4c0007000-7fe4c0065000 rw-p 00000000 00:00 0 
7fe4c0065000-7fe4c018d000 rw-p 00000000 00:00 0 
7fe4c018d000-7fe4c0198000 rw-p 00000000 00:00 0 
7fe4c0198000-7fe4c01e0000 rw-p 00000000 00:00 0 
7fe4c01e0000-7fe4c01f4000 rw-p 00000000 00:00 0 
7fe4c01f4000-7fe4c031c000 rw-p 00000000 00:00 0 
7fe4c031c000-7fe4c0326000 rw-p 00000000 00:00 0 
7fe4c0326000-7fe4c03ba000 rw-p 00000000 00:00 0 
7fe4c03ba000-7fe4c03bb000 rw-p 00000000 00:00 0 
7fe4c03bb000-7fe4c03c3000 r-xp 00000000 08:01 9440752                    /usr/lib/jvm/java-7-openjdk-amd64/jre/lib/amd64/libzip.so
7fe4c03c3000-7fe4c05c2000 ---p 00008000 08:01 9440752                    /usr/lib/jvm/java-7-openjdk-amd64/jre/lib/amd64/libzip.so
7fe4c05c2000-7fe4c05c3000 r--p 00007000 08:01 9440752                    /usr/lib/jvm/java-7-openjdk-amd64/jre/lib/amd64/libzip.so
7fe4c05c3000-7fe4c05c4000 rw-p 00008000 08:01 9440752                    /usr/lib/jvm/java-7-openjdk-amd64/jre/lib/amd64/libzip.so
7fe4c05c4000-7fe4c05d0000 r-xp 00000000 08:01 7868649                    /lib/x86_64-linux-gnu/libnss_files-2.21.so
7fe4c05d0000-7fe4c07cf000 ---p 0000c000 08:01 7868649                    /lib/x86_64-linux-gnu/libnss_files-2.21.so
7fe4c07cf000-7fe4c07d0000 r--p 0000b000 08:01 7868649                    /lib/x86_64-linux-gnu/libnss_files-2.21.so
7fe4c07d0000-7fe4c07d1000 rw-p 0000c000 08:01 7868649                    /lib/x86_64-linux-gnu/libnss_files-2.21.so
7fe4c07d1000-7fe4c07dc000 r-xp 00000000 08:01 7868659                    /lib/x86_64-linux-gnu/libnss_nis-2.21.so
7fe4c07dc000-7fe4c09db000 ---p 0000b000 08:01 7868659                    /lib/x86_64-linux-gnu/libnss_nis-2.21.so
7fe4c09db000-7fe4c09dc000 r--p 0000a000 08:01 7868659                    /lib/x86_64-linux-gnu/libnss_nis-2.21.so
7fe4c09dc000-7fe4c09dd000 rw-p 0000b000 08:01 7868659                    /lib/x86_64-linux-gnu/libnss_nis-2.21.so
7fe4c09dd000-7fe4c09f4000 r-xp 00000000 08:01 7868643                    /lib/x86_64-linux-gnu/libnsl-2.21.so
7fe4c09f4000-7fe4c0bf3000 ---p 00017000 08:01 7868643                    /lib/x86_64-linux-gnu/libnsl-2.21.so
7fe4c0bf3000-7fe4c0bf4000 r--p 00016000 08:01 7868643                    /lib/x86_64-linux-gnu/libnsl-2.21.so
7fe4c0bf4000-7fe4c0bf5000 rw-p 00017000 08:01 7868643                    /lib/x86_64-linux-gnu/libnsl-2.21.so
7fe4c0bf5000-7fe4c0bf7000 rw-p 00000000 00:00 0 
7fe4c0bf7000-7fe4c0bff000 r-xp 00000000 08:01 7868645                    /lib/x86_64-linux-gnu/libnss_compat-2.21.so
7fe4c0bff000-7fe4c0dfe000 ---p 00008000 08:01 7868645                    /lib/x86_64-linux-gnu/libnss_compat-2.21.so
7fe4c0dfe000-7fe4c0dff000 r--p 00007000 08:01 7868645                    /lib/x86_64-linux-gnu/libnss_compat-2.21.so
7fe4c0dff000-7fe4c0e00000 rw-p 00008000 08:01 7868645                    /lib/x86_64-linux-gnu/libnss_compat-2.21.so
7fe4c0e00000-7fe4c14e2000 r--p 00000000 08:01 3021935                    /usr/lib/locale/locale-archive
7fe4c14e2000-7fe4c14e5000 r-xp 00000000 08:01 9440771                    /usr/lib/jvm/java-7-openjdk-amd64/jre/lib/amd64/libnpt.so
7fe4c14e5000-7fe4c16e4000 ---p 00003000 08:01 9440771                    /usr/lib/jvm/java-7-openjdk-amd64/jre/lib/amd64/libnpt.so
7fe4c16e4000-7fe4c16e5000 r--p 00002000 08:01 9440771                    /usr/lib/jvm/java-7-openjdk-amd64/jre/lib/amd64/libnpt.so
7fe4c16e5000-7fe4c16e6000 rw-p 00003000 08:01 9440771                    /usr/lib/jvm/java-7-openjdk-amd64/jre/lib/amd64/libnpt.so
7fe4c16e6000-7fe4c1721000 r-xp 00000000 08:01 9440768                    /usr/lib/jvm/java-7-openjdk-amd64/jre/lib/amd64/libjdwp.so
7fe4c1721000-7fe4c1920000 ---p 0003b000 08:01 9440768                    /usr/lib/jvm/java-7-openjdk-amd64/jre/lib/amd64/libjdwp.so
7fe4c1920000-7fe4c1921000 r--p 0003a000 08:01 9440768                    /usr/lib/jvm/java-7-openjdk-amd64/jre/lib/amd64/libjdwp.so
7fe4c1921000-7fe4c1922000 rw-p 0003b000 08:01 9440768                    /usr/lib/jvm/java-7-openjdk-amd64/jre/lib/amd64/libjdwp.so
7fe4c1922000-7fe4c1923000 rw-p 00000000 00:00 0 
7fe4c1923000-7fe4c192d000 r-xp 00000000 08:01 9440780                    /usr/lib/jvm/java-7-openjdk-amd64/jre/lib/amd64/libinstrument.so
7fe4c192d000-7fe4c1b2c000 ---p 0000a000 08:01 9440780                    /usr/lib/jvm/java-7-openjdk-amd64/jre/lib/amd64/libinstrument.so
7fe4c1b2c000-7fe4c1b2d000 r--p 00009000 08:01 9440780                    /usr/lib/jvm/java-7-openjdk-amd64/jre/lib/amd64/libinstrument.so
7fe4c1b2d000-7fe4c1b2e000 rw-p 0000a000 08:01 9440780                    /usr/lib/jvm/java-7-openjdk-amd64/jre/lib/amd64/libinstrument.so
7fe4c1b2e000-7fe4c1b5b000 r-xp 00000000 08:01 9440787                    /usr/lib/jvm/java-7-openjdk-amd64/jre/lib/amd64/libjava.so
7fe4c1b5b000-7fe4c1d5a000 ---p 0002d000 08:01 9440787                    /usr/lib/jvm/java-7-openjdk-amd64/jre/lib/amd64/libjava.so
7fe4c1d5a000-7fe4c1d5b000 r--p 0002c000 08:01 9440787                    /usr/lib/jvm/java-7-openjdk-amd64/jre/lib/amd64/libjava.so
7fe4c1d5b000-7fe4c1d5d000 rw-p 0002d000 08:01 9440787                    /usr/lib/jvm/java-7-openjdk-amd64/jre/lib/amd64/libjava.so
7fe4c1d5d000-7fe4c1d6c000 r-xp 00000000 08:01 9440769                    /usr/lib/jvm/java-7-openjdk-amd64/jre/lib/amd64/libverify.so
7fe4c1d6c000-7fe4c1f6b000 ---p 0000f000 08:01 9440769                    /usr/lib/jvm/java-7-openjdk-amd64/jre/lib/amd64/libverify.so
7fe4c1f6b000-7fe4c1f6e000 r--p 0000e000 08:01 9440769                    /usr/lib/jvm/java-7-openjdk-amd64/jre/lib/amd64/libverify.so
7fe4c1f6e000-7fe4c1f6f000 rw-p 00011000 08:01 9440769                    /usr/lib/jvm/java-7-openjdk-amd64/jre/lib/amd64/libverify.so
7fe4c1f6f000-7fe4c1f76000 r-xp 00000000 08:01 7868704                    /lib/x86_64-linux-gnu/librt-2.21.so
7fe4c1f76000-7fe4c2175000 ---p 00007000 08:01 7868704                    /lib/x86_64-linux-gnu/librt-2.21.so
7fe4c2175000-7fe4c2176000 r--p 00006000 08:01 7868704                    /lib/x86_64-linux-gnu/librt-2.21.so
7fe4c2176000-7fe4c2177000 rw-p 00007000 08:01 7868704                    /lib/x86_64-linux-gnu/librt-2.21.so
7fe4c2177000-7fe4c218d000 r-xp 00000000 08:01 7868592                    /lib/x86_64-linux-gnu/libgcc_s.so.1
7fe4c218d000-7fe4c238c000 ---p 00016000 08:01 7868592                    /lib/x86_64-linux-gnu/libgcc_s.so.1
7fe4c238c000-7fe4c238d000 rw-p 00015000 08:01 7868592                    /lib/x86_64-linux-gnu/libgcc_s.so.1
7fe4c238d000-7fe4c2494000 r-xp 00000000 08:01 7868622                    /lib/x86_64-linux-gnu/libm-2.21.so
7fe4c2494000-7fe4c2693000 ---p 00107000 08:01 7868622                    /lib/x86_64-linux-gnu/libm-2.21.so
7fe4c2693000-7fe4c2694000 r--p 00106000 08:01 7868622                    /lib/x86_64-linux-gnu/libm-2.21.so
7fe4c2694000-7fe4c2695000 rw-p 00107000 08:01 7868622                    /lib/x86_64-linux-gnu/libm-2.21.so
7fe4c2695000-7fe4c2785000 r-xp 00000000 08:01 3023877                    /usr/lib/x86_64-linux-gnu/libstdc++.so.6.0.20
7fe4c2785000-7fe4c2985000 ---p 000f0000 08:01 3023877                    /usr/lib/x86_64-linux-gnu/libstdc++.so.6.0.20
7fe4c2985000-7fe4c298d000 r--p 000f0000 08:01 3023877                    /usr/lib/x86_64-linux-gnu/libstdc++.so.6.0.20
7fe4c298d000-7fe4c298f000 rw-p 000f8000 08:01 3023877                    /usr/lib/x86_64-linux-gnu/libstdc++.so.6.0.20
7fe4c298f000-7fe4c29a4000 rw-p 00000000 00:00 0 
7fe4c29a4000-7fe4c34fc000 r-xp 00000000 08:01 9440756                    /usr/lib/jvm/java-7-openjdk-amd64/jre/lib/amd64/server/libjvm.so
7fe4c34fc000-7fe4c36fb000 ---p 00b58000 08:01 9440756                    /usr/lib/jvm/java-7-openjdk-amd64/jre/lib/amd64/server/libjvm.so
7fe4c36fb000-7fe4c379a000 r--p 00b57000 08:01 9440756                    /usr/lib/jvm/java-7-openjdk-amd64/jre/lib/amd64/server/libjvm.so
7fe4c379a000-7fe4c37bd000 rw-p 00bf6000 08:01 9440756                    /usr/lib/jvm/java-7-openjdk-amd64/jre/lib/amd64/server/libjvm.so
7fe4c37bd000-7fe4c37ea000 rw-p 00000000 00:00 0 
7fe4c37ea000-7fe4c3803000 r-xp 00000000 08:01 7868737                    /lib/x86_64-linux-gnu/libz.so.1.2.8
7fe4c3803000-7fe4c3a03000 ---p 00019000 08:01 7868737                    /lib/x86_64-linux-gnu/libz.so.1.2.8
7fe4c3a03000-7fe4c3a04000 r--p 00019000 08:01 7868737                    /lib/x86_64-linux-gnu/libz.so.1.2.8
7fe4c3a04000-7fe4c3a05000 rw-p 0001a000 08:01 7868737                    /lib/x86_64-linux-gnu/libz.so.1.2.8
7fe4c3a05000-7fe4c3a1d000 r-xp 00000000 08:01 7868696                    /lib/x86_64-linux-gnu/libpthread-2.21.so
7fe4c3a1d000-7fe4c3c1d000 ---p 00018000 08:01 7868696                    /lib/x86_64-linux-gnu/libpthread-2.21.so
7fe4c3c1d000-7fe4c3c1e000 r--p 00018000 08:01 7868696                    /lib/x86_64-linux-gnu/libpthread-2.21.so
7fe4c3c1e000-7fe4c3c1f000 rw-p 00019000 08:01 7868696                    /lib/x86_64-linux-gnu/libpthread-2.21.so
7fe4c3c1f000-7fe4c3c23000 rw-p 00000000 00:00 0 
7fe4c3c23000-7fe4c3c26000 r-xp 00000000 08:01 7868580                    /lib/x86_64-linux-gnu/libdl-2.21.so
7fe4c3c26000-7fe4c3e25000 ---p 00003000 08:01 7868580                    /lib/x86_64-linux-gnu/libdl-2.21.so
7fe4c3e25000-7fe4c3e26000 r--p 00002000 08:01 7868580                    /lib/x86_64-linux-gnu/libdl-2.21.so
7fe4c3e26000-7fe4c3e27000 rw-p 00003000 08:01 7868580                    /lib/x86_64-linux-gnu/libdl-2.21.so
7fe4c3e27000-7fe4c3fe7000 r-xp 00000000 08:01 7868563                    /lib/x86_64-linux-gnu/libc-2.21.so
7fe4c3fe7000-7fe4c41e7000 ---p 001c0000 08:01 7868563                    /lib/x86_64-linux-gnu/libc-2.21.so
7fe4c41e7000-7fe4c41eb000 r--p 001c0000 08:01 7868563                    /lib/x86_64-linux-gnu/libc-2.21.so
7fe4c41eb000-7fe4c41ed000 rw-p 001c4000 08:01 7868563                    /lib/x86_64-linux-gnu/libc-2.21.so
7fe4c41ed000-7fe4c41f1000 rw-p 00000000 00:00 0 
7fe4c41f1000-7fe4c41fe000 r-xp 00000000 08:01 9440754                    /usr/lib/jvm/java-7-openjdk-amd64/jre/lib/amd64/jli/libjli.so
7fe4c41fe000-7fe4c43fd000 ---p 0000d000 08:01 9440754                    /usr/lib/jvm/java-7-openjdk-amd64/jre/lib/amd64/jli/libjli.so
7fe4c43fd000-7fe4c43fe000 r--p 0000c000 08:01 9440754                    /usr/lib/jvm/java-7-openjdk-amd64/jre/lib/amd64/jli/libjli.so
7fe4c43fe000-7fe4c43ff000 rw-p 0000d000 08:01 9440754                    /usr/lib/jvm/java-7-openjdk-amd64/jre/lib/amd64/jli/libjli.so
7fe4c43ff000-7fe4c4423000 r-xp 00000000 08:01 7868535                    /lib/x86_64-linux-gnu/ld-2.21.so
7fe4c4423000-7fe4c4424000 rw-p 00000000 00:00 0 
7fe4c4424000-7fe4c4428000 r--s 00034000 08:01 9440741                    /usr/lib/jvm/java-7-openjdk-amd64/jre/lib/ext/sunjce_provider.jar
7fe4c4428000-7fe4c4448000 rw-p 00000000 00:00 0 
7fe4c4448000-7fe4c44fe000 rw-p 00000000 00:00 0 
7fe4c44fe000-7fe4c4501000 ---p 00000000 00:00 0 
7fe4c4501000-7fe4c4604000 rw-p 00000000 00:00 0                          [stack:5854]
7fe4c4604000-7fe4c4605000 r--s 00000000 08:01 3548792                    /usr/share/java/jayatanaag.jar
7fe4c4605000-7fe4c4606000 r--s 00008000 08:01 1048982                    /home/vagabundo/Downloads/Jama-1.0.3.jar
7fe4c4606000-7fe4c4608000 r--s 00006000 08:01 3554171                    /usr/share/java/java-atk-wrapper.jar
7fe4c4608000-7fe4c460b000 r--s 0000f000 08:01 9440743                    /usr/lib/jvm/java-7-openjdk-amd64/jre/lib/ext/icedtea-sound.jar
7fe4c460b000-7fe4c460d000 r--s 00012000 08:01 9440744                    /usr/lib/jvm/java-7-openjdk-amd64/jre/lib/ext/zipfs.jar
7fe4c460d000-7fe4c460e000 r--s 00002000 08:01 9440740                    /usr/lib/jvm/java-7-openjdk-amd64/jre/lib/ext/dnsns.jar
7fe4c460e000-7fe4c4612000 r--s 0003c000 08:01 9440742                    /usr/lib/jvm/java-7-openjdk-amd64/jre/lib/ext/sunpkcs11.jar
7fe4c4612000-7fe4c4616000 r--s 00085000 08:01 9440739                    /usr/lib/jvm/java-7-openjdk-amd64/jre/lib/ext/localedata.jar
7fe4c4616000-7fe4c461e000 rw-s 00000000 08:01 1048983                    /tmp/hsperfdata_vagabundo/5852
7fe4c461e000-7fe4c461f000 rw-p 00000000 00:00 0 
7fe4c461f000-7fe4c4620000 r--p 00000000 00:00 0 
7fe4c4620000-7fe4c4622000 rw-p 00000000 00:00 0 
7fe4c4622000-7fe4c4623000 r--p 00023000 08:01 7868535                    /lib/x86_64-linux-gnu/ld-2.21.so
7fe4c4623000-7fe4c4624000 rw-p 00024000 08:01 7868535                    /lib/x86_64-linux-gnu/ld-2.21.so
7fe4c4624000-7fe4c4625000 rw-p 00000000 00:00 0 
7ffcaec36000-7ffcaec57000 rw-p 00000000 00:00 0                          [stack]
7ffcaed45000-7ffcaed47000 r--p 00000000 00:00 0                          [vvar]
7ffcaed47000-7ffcaed49000 r-xp 00000000 00:00 0                          [vdso]
ffffffffff600000-ffffffffff601000 r-xp 00000000 00:00 0                  [vsyscall]

VM Arguments:
jvm_args: -javaagent:/usr/share/java/jayatanaag.jar -agentlib:jdwp=transport=dt_socket,suspend=y,address=localhost:60488 -Dfile.encoding=UTF-8 
java_command: kripto.Test
Launcher Type: SUN_STANDARD

Environment Variables:
JAVA_TOOL_OPTIONS=-javaagent:/usr/share/java/jayatanaag.jar 
PATH=/usr/local/sbin:/usr/local/bin:/usr/sbin:/usr/bin:/sbin:/bin:/usr/games:/usr/local/games
SHELL=/bin/bash
DISPLAY=:0

Signal Handlers:
SIGSEGV: [libjvm.so+0x98ac50], sa_mask[0]=0x7ffbfeff, sa_flags=0x10000004
SIGBUS: [libjvm.so+0x98ac50], sa_mask[0]=0x7ffbfeff, sa_flags=0x10000004
SIGFPE: [libjvm.so+0x7f8ab0], sa_mask[0]=0x7ffbfeff, sa_flags=0x10000004
SIGPIPE: [libjvm.so+0x7f8ab0], sa_mask[0]=0x7ffbfeff, sa_flags=0x10000004
SIGXFSZ: [libjvm.so+0x7f8ab0], sa_mask[0]=0x7ffbfeff, sa_flags=0x10000004
SIGILL: [libjvm.so+0x7f8ab0], sa_mask[0]=0x7ffbfeff, sa_flags=0x10000004
SIGUSR1: SIG_DFL, sa_mask[0]=0x00000000, sa_flags=0x00000000
SIGUSR2: [libjvm.so+0x7f8930], sa_mask[0]=0x00000004, sa_flags=0x10000004
SIGHUP: [libjvm.so+0x7f8b30], sa_mask[0]=0x7ffbfeff, sa_flags=0x10000004
SIGINT: [libjvm.so+0x7f8b30], sa_mask[0]=0x7ffbfeff, sa_flags=0x10000004
SIGTERM: [libjvm.so+0x7f8b30], sa_mask[0]=0x7ffbfeff, sa_flags=0x10000004
SIGQUIT: [libjvm.so+0x7f8b30], sa_mask[0]=0x7ffbfeff, sa_flags=0x10000004
SIGTRAP: SIG_DFL, sa_mask[0]=0x00000000, sa_flags=0x00000000


---------------  S Y S T E M  ---------------

OS:Ubuntu 15.04 (vivid)
uname:Linux 3.19.0-28-generic #30-Ubuntu SMP Mon Aug 31 15:52:51 UTC 2015 x86_64
libc:glibc 2.21 NPTL 2.21 
rlimit: STACK 8192k, CORE 0k, NPROC 15072, NOFILE 65536, AS infinity
load average:0.48 0.24 0.22

/proc/meminfo:
MemTotal:        3880724 kB
MemFree:          268792 kB
MemAvailable:    1162464 kB
Buffers:          195872 kB
Cached:          1241112 kB
SwapCached:        12032 kB
Active:          2098628 kB
Inactive:        1258672 kB
Active(anon):    1556040 kB
Inactive(anon):   815908 kB
Active(file):     542588 kB
Inactive(file):   442764 kB
Unevictable:          32 kB
Mlocked:              32 kB
SwapTotal:       4024316 kB
SwapFree:        3943760 kB
Dirty:               316 kB
Writeback:             0 kB
AnonPages:       1910612 kB
Mapped:           483792 kB
Shmem:            451632 kB
Slab:             182976 kB
SReclaimable:     154524 kB
SUnreclaim:        28452 kB
KernelStack:        9168 kB
PageTables:        33112 kB
NFS_Unstable:          0 kB
Bounce:                0 kB
WritebackTmp:          0 kB
CommitLimit:     5964676 kB
Committed_AS:    6276008 kB
VmallocTotal:   34359738367 kB
VmallocUsed:      348364 kB
VmallocChunk:   34359381500 kB
HardwareCorrupted:     0 kB
AnonHugePages:    458752 kB
CmaTotal:              0 kB
CmaFree:               0 kB
HugePages_Total:       0
HugePages_Free:        0
HugePages_Rsvd:        0
HugePages_Surp:        0
Hugepagesize:       2048 kB
DirectMap4k:       98300 kB
DirectMap2M:     3928064 kB


CPU:total 2 (2 cores per cpu, 1 threads per core) family 6 model 23 stepping 10, cmov, cx8, fxsr, mmx, sse, sse2, sse3, ssse3, sse4.1, tsc

/proc/cpuinfo:
processor	: 0
vendor_id	: GenuineIntel
cpu family	: 6
model		: 23
model name	: Intel(R) Core(TM)2 Duo CPU     E8500  @ 3.16GHz
stepping	: 10
microcode	: 0xa0b
cpu MHz		: 3166.000
cache size	: 6144 KB
physical id	: 0
siblings	: 2
core id		: 0
cpu cores	: 2
apicid		: 0
initial apicid	: 0
fpu		: yes
fpu_exception	: yes
cpuid level	: 13
wp		: yes
flags		: fpu vme de pse tsc msr pae mce cx8 apic sep mtrr pge mca cmov pat pse36 clflush dts acpi mmx fxsr sse sse2 ss ht tm pbe syscall nx lm constant_tsc arch_perfmon pebs bts rep_good nopl aperfmperf pni dtes64 monitor ds_cpl vmx smx est tm2 ssse3 cx16 xtpr pdcm sse4_1 xsave lahf_lm dtherm tpr_shadow vnmi flexpriority
bugs		:
bogomips	: 6317.18
clflush size	: 64
cache_alignment	: 64
address sizes	: 36 bits physical, 48 bits virtual
power management:

processor	: 1
vendor_id	: GenuineIntel
cpu family	: 6
model		: 23
model name	: Intel(R) Core(TM)2 Duo CPU     E8500  @ 3.16GHz
stepping	: 10
microcode	: 0xa0b
cpu MHz		: 3166.000
cache size	: 6144 KB
physical id	: 0
siblings	: 2
core id		: 1
cpu cores	: 2
apicid		: 1
initial apicid	: 1
fpu		: yes
fpu_exception	: yes
cpuid level	: 13
wp		: yes
flags		: fpu vme de pse tsc msr pae mce cx8 apic sep mtrr pge mca cmov pat pse36 clflush dts acpi mmx fxsr sse sse2 ss ht tm pbe syscall nx lm constant_tsc arch_perfmon pebs bts rep_good nopl aperfmperf pni dtes64 monitor ds_cpl vmx smx est tm2 ssse3 cx16 xtpr pdcm sse4_1 xsave lahf_lm dtherm tpr_shadow vnmi flexpriority
bugs		:
bogomips	: 6317.18
clflush size	: 64
cache_alignment	: 64
address sizes	: 36 bits physical, 48 bits virtual
power management:



Memory: 4k page, physical 3880724k(268792k free), swap 4024316k(3943760k free)

vm_info: OpenJDK 64-Bit Server VM (24.79-b02) for linux-amd64 JRE (1.7.0_79-b14), built on Jul 24 2015 05:24:39 by "buildd" with gcc 4.9.2

time: Fri Sep 11 12:23:03 2015
elapsed time: 28 seconds

